TN:
SF:src/lib/firestore.ts
FNF:0
FNH:0
DA:1,1
DA:3,1
DA:4,1
DA:7,1
DA:8,1
DA:9,1
DA:10,1
DA:11,1
DA:13,1
LF:9
LH:9
BRDA:3,0,0,1
BRDA:3,0,1,0
BRF:2
BRH:1
end_of_record
TN:
SF:src/lib/helpers.ts
FN:3,(anonymous_0)
FN:13,(anonymous_1)
FN:32,(anonymous_2)
FN:35,(anonymous_3)
FNF:4
FNH:4
FNDA:46,(anonymous_0)
FNDA:12,(anonymous_1)
FNDA:4,(anonymous_2)
FNDA:6,(anonymous_3)
DA:1,2
DA:3,2
DA:6,46
DA:7,3
DA:8,2
DA:9,1
DA:10,0
DA:13,2
DA:14,12
DA:15,7
DA:16,4
DA:17,4
DA:19,1
DA:22,3
DA:23,1
DA:26,2
DA:32,2
DA:33,4
DA:35,2
DA:36,6
DA:37,6
DA:38,10
DA:40,6
DA:43,2
LF:24
LH:23
BRDA:6,0,0,43
BRDA:6,0,1,3
BRDA:7,1,0,1
BRDA:7,1,1,2
BRDA:8,2,0,1
BRDA:8,2,1,1
BRDA:9,3,0,1
BRDA:9,3,1,0
BRDA:14,4,0,5
BRDA:14,4,1,7
BRDA:15,5,0,4
BRDA:15,5,1,3
BRDA:22,6,0,2
BRDA:22,6,1,1
BRDA:33,7,0,4
BRDA:33,7,1,2
BRDA:35,8,0,1
BRF:17
BRH:16
end_of_record
TN:
SF:src/lib/mappers.ts
FN:3,(anonymous_0)
FN:42,(anonymous_1)
FN:57,(anonymous_2)
FN:93,(anonymous_3)
FN:129,(anonymous_4)
FN:162,(anonymous_5)
FN:177,(anonymous_6)
FN:197,(anonymous_7)
FNF:8
FNH:8
FNDA:6,(anonymous_0)
FNDA:4,(anonymous_1)
FNDA:6,(anonymous_2)
FNDA:5,(anonymous_3)
FNDA:3,(anonymous_4)
FNDA:3,(anonymous_5)
FNDA:4,(anonymous_6)
FNDA:4,(anonymous_7)
DA:1,1
DA:3,1
DA:6,6
DA:8,6
DA:13,6
DA:42,1
DA:45,4
DA:46,4
DA:57,1
DA:60,6
DA:61,6
DA:62,6
DA:63,6
DA:65,6
DA:93,1
DA:94,5
DA:96,5
DA:97,5
DA:98,5
DA:102,5
DA:129,1
DA:132,3
DA:133,3
DA:162,1
DA:165,3
DA:166,3
DA:177,1
DA:178,4
DA:179,4
DA:197,1
DA:198,4
DA:199,4
LF:32
LH:32
BRDA:6,0,0,6
BRDA:6,0,1,0
BRDA:8,1,0,6
BRDA:8,1,1,6
BRDA:9,2,0,1
BRDA:9,2,1,5
BRDA:15,3,0,6
BRDA:15,3,1,5
BRDA:15,3,2,5
BRDA:16,4,0,6
BRDA:16,4,1,6
BRDA:16,4,2,5
BRDA:17,5,0,6
BRDA:17,5,1,3
BRDA:18,6,0,6
BRDA:18,6,1,6
BRDA:18,6,2,5
BRDA:19,7,0,6
BRDA:19,7,1,5
BRDA:20,8,0,6
BRDA:20,8,1,5
BRDA:21,9,0,6
BRDA:21,9,1,6
BRDA:21,9,2,5
BRDA:22,10,0,6
BRDA:22,10,1,5
BRDA:24,11,0,6
BRDA:24,11,1,6
BRDA:24,11,2,5
BRDA:25,12,0,6
BRDA:25,12,1,6
BRDA:25,12,2,5
BRDA:26,13,0,6
BRDA:26,13,1,6
BRDA:26,13,2,5
BRDA:27,14,0,6
BRDA:27,14,1,6
BRDA:27,14,2,5
BRDA:28,15,0,6
BRDA:28,15,1,5
BRDA:29,16,0,6
BRDA:29,16,1,5
BRDA:32,17,0,6
BRDA:32,17,1,5
BRDA:32,17,2,5
BRDA:32,17,3,5
BRDA:36,18,0,6
BRDA:36,18,1,5
BRDA:37,19,0,6
BRDA:37,19,1,5
BRDA:38,20,0,6
BRDA:38,20,1,6
BRDA:45,21,0,4
BRDA:45,21,1,0
BRDA:48,22,0,4
BRDA:48,22,1,2
BRDA:49,23,0,4
BRDA:49,23,1,3
BRDA:50,24,0,4
BRDA:50,24,1,3
BRDA:51,25,0,4
BRDA:51,25,1,3
BRDA:53,26,0,4
BRDA:53,26,1,4
BRDA:60,27,0,6
BRDA:60,27,1,0
BRDA:62,28,0,1
BRDA:62,28,1,5
BRDA:63,29,0,4
BRDA:63,29,1,2
BRDA:67,30,0,6
BRDA:67,30,1,1
BRDA:68,31,0,6
BRDA:68,31,1,6
BRDA:70,32,0,6
BRDA:70,32,1,1
BRDA:71,33,0,6
BRDA:71,33,1,1
BRDA:72,34,0,6
BRDA:72,34,1,6
BRDA:72,34,2,1
BRDA:73,35,0,6
BRDA:73,35,1,6
BRDA:74,36,0,6
BRDA:74,36,1,6
BRDA:74,36,2,6
BRDA:75,37,0,6
BRDA:75,37,1,0
BRDA:79,38,0,6
BRDA:79,38,1,6
BRDA:79,38,2,6
BRDA:79,38,3,6
BRDA:80,39,0,6
BRDA:80,39,1,6
BRDA:81,40,0,6
BRDA:81,40,1,6
BRDA:82,41,0,6
BRDA:82,41,1,6
BRDA:84,42,0,6
BRDA:84,42,1,6
BRDA:86,43,0,6
BRDA:86,43,1,6
BRDA:86,43,2,0
BRDA:87,44,0,6
BRDA:87,44,1,6
BRDA:88,45,0,6
BRDA:88,45,1,6
BRDA:88,45,2,6
BRDA:94,46,0,5
BRDA:94,46,1,0
BRDA:96,47,0,5
BRDA:96,47,1,5
BRDA:96,47,2,4
BRDA:97,48,0,5
BRDA:97,48,1,5
BRDA:97,48,2,4
BRDA:99,49,0,5
BRDA:99,49,1,4
BRDA:104,50,0,5
BRDA:104,50,1,4
BRDA:105,51,0,5
BRDA:105,51,1,4
BRDA:110,52,0,5
BRDA:110,52,1,4
BRDA:111,53,0,5
BRDA:111,53,1,4
BRDA:112,54,0,5
BRDA:112,54,1,5
BRDA:112,54,2,5
BRDA:113,55,0,5
BRDA:113,55,1,5
BRDA:113,55,2,5
BRDA:116,56,0,5
BRDA:116,56,1,4
BRDA:117,57,0,5
BRDA:117,57,1,5
BRDA:117,57,2,5
BRDA:118,58,0,5
BRDA:118,58,1,5
BRDA:118,58,2,5
BRDA:119,59,0,5
BRDA:119,59,1,5
BRDA:119,59,2,5
BRDA:120,60,0,5
BRDA:120,60,1,5
BRDA:120,60,2,5
BRDA:121,61,0,5
BRDA:121,61,1,4
BRDA:122,62,0,5
BRDA:122,62,1,5
BRDA:123,63,0,5
BRDA:123,63,1,5
BRDA:124,64,0,5
BRDA:124,64,1,5
BRDA:125,65,0,5
BRDA:125,65,1,5
BRDA:132,66,0,3
BRDA:132,66,1,0
BRDA:135,67,0,3
BRDA:135,67,1,2
BRDA:136,68,0,3
BRDA:136,68,1,2
BRDA:136,68,2,2
BRDA:137,69,0,3
BRDA:137,69,1,2
BRDA:138,70,0,3
BRDA:138,70,1,2
BRDA:139,71,0,3
BRDA:139,71,1,2
BRDA:139,71,2,2
BRDA:140,72,0,3
BRDA:140,72,1,2
BRDA:140,72,2,2
BRDA:141,73,0,3
BRDA:141,73,1,2
BRDA:141,73,2,2
BRDA:142,74,0,3
BRDA:142,74,1,2
BRDA:142,74,2,2
BRDA:143,75,0,3
BRDA:143,75,1,2
BRDA:143,75,2,2
BRDA:144,76,0,3
BRDA:144,76,1,2
BRDA:144,76,2,2
BRDA:145,77,0,3
BRDA:145,77,1,2
BRDA:146,78,0,3
BRDA:146,78,1,2
BRDA:146,78,2,2
BRDA:147,79,0,3
BRDA:147,79,1,2
BRDA:147,79,2,2
BRDA:148,80,0,3
BRDA:148,80,1,2
BRDA:149,81,0,3
BRDA:149,81,1,2
BRDA:150,82,0,3
BRDA:150,82,1,2
BRDA:151,83,0,3
BRDA:151,83,1,2
BRDA:152,84,0,3
BRDA:152,84,1,3
BRDA:153,85,0,3
BRDA:153,85,1,3
BRDA:154,86,0,3
BRDA:154,86,1,3
BRDA:155,87,0,3
BRDA:155,87,1,3
BRDA:156,88,0,3
BRDA:156,88,1,3
BRDA:157,89,0,3
BRDA:157,89,1,3
BRDA:158,90,0,3
BRDA:158,90,1,3
BRDA:165,91,0,3
BRDA:165,91,1,0
BRDA:168,92,0,3
BRDA:168,92,1,2
BRDA:168,92,2,2
BRDA:169,93,0,3
BRDA:169,93,1,2
BRDA:169,93,2,2
BRDA:170,94,0,3
BRDA:170,94,1,2
BRDA:170,94,2,2
BRDA:171,95,0,3
BRDA:171,95,1,2
BRDA:171,95,2,2
BRDA:172,96,0,3
BRDA:172,96,1,2
BRDA:173,97,0,3
BRDA:173,97,1,3
BRDA:178,98,0,4
BRDA:178,98,1,0
BRDA:182,99,0,4
BRDA:182,99,1,3
BRDA:183,100,0,4
BRDA:183,100,1,3
BRDA:183,100,2,3
BRDA:184,101,0,4
BRDA:184,101,1,3
BRDA:184,101,2,3
BRDA:185,102,0,4
BRDA:185,102,1,3
BRDA:186,103,0,4
BRDA:186,103,1,3
BRDA:186,103,2,3
BRDA:187,104,0,4
BRDA:187,104,1,3
BRDA:188,105,0,4
BRDA:188,105,1,3
BRDA:189,106,0,4
BRDA:189,106,1,4
BRDA:189,106,2,4
BRDA:191,107,0,4
BRDA:191,107,1,4
BRDA:191,107,2,4
BRDA:193,108,0,4
BRDA:193,108,1,4
BRDA:193,108,2,4
BRDA:198,109,0,4
BRDA:198,109,1,0
BRDA:201,110,0,4
BRDA:201,110,1,3
BRDA:202,111,0,4
BRDA:202,111,1,3
BRDA:203,112,0,4
BRDA:203,112,1,3
BRDA:204,113,0,4
BRDA:204,113,1,4
BRDA:204,113,2,3
BRDA:205,114,0,4
BRDA:205,114,1,3
BRDA:206,115,0,4
BRDA:206,115,1,3
BRDA:207,116,0,4
BRDA:207,116,1,4
BRDA:207,116,2,3
BRDA:208,117,0,4
BRDA:208,117,1,4
BRF:281
BRH:271
end_of_record
TN:
SF:src/middleware/auth.ts
FN:9,(anonymous_9)
FN:45,(anonymous_10)
FN:46,(anonymous_11)
FNF:3
FNH:0
FNDA:0,(anonymous_9)
FNDA:0,(anonymous_10)
FNDA:0,(anonymous_11)
DA:2,0
DA:9,0
DA:14,0
DA:15,0
DA:16,0
DA:17,0
DA:20,0
DA:21,0
DA:22,0
DA:23,0
DA:28,0
DA:31,0
DA:33,0
DA:44,0
DA:45,0
DA:46,0
DA:47,0
DA:48,0
DA:49,0
DA:52,0
DA:54,0
DA:58,0
LF:22
LH:0
BRDA:15,0,0,0
BRDA:15,0,1,0
BRDA:31,1,0,0
BRDA:31,1,1,0
BRDA:34,2,0,0
BRDA:34,2,1,0
BRDA:35,3,0,0
BRDA:35,3,1,0
BRDA:48,4,0,0
BRDA:48,4,1,0
BRDA:48,5,0,0
BRDA:48,5,1,0
BRF:12
BRH:0
end_of_record
